INFO - Discovered 729 unique custom scripted trigger in the mod.
INFO - 	[Logic] Optimized nested logic blocks in 02_anomaly_categories.txt
INFO - 💾 WRITE FILE: common\anomalies\02_anomaly_categories.txt
INFO - 	[Logic] Optimized nested logic blocks in 103_anomaly_categories_extreme_frontiers.txt
INFO - 💾 WRITE FILE: common\anomalies\103_anomaly_categories_extreme_frontiers.txt
INFO - 	[Logic] Optimized nested logic blocks in 93_anomaly_categories_ancient_relics.txt
INFO - 💾 WRITE FILE: common\anomalies\93_anomaly_categories_ancient_relics.txt
INFO - 	[Logic] Optimized nested logic blocks in 95_anomaly_categories_distant_stars.txt
INFO - 💾 WRITE FILE: common\anomalies\95_anomaly_categories_distant_stars.txt
INFO - Scanning for buildings in: 00_capital_buildings.txt
INFO - 	[Logic] Optimized nested logic blocks in 00_capital_buildings.txt
INFO - 💾 WRITE FILE: common\buildings\00_capital_buildings.txt
INFO - Scanning for buildings in: 01_pop_assembly_buildings.txt
INFO - 	[Logic] Optimized nested logic blocks in 01_pop_assembly_buildings.txt
INFO - 💾 WRITE FILE: common\buildings\01_pop_assembly_buildings.txt
INFO - Scanning for buildings in: 02_government_buildings.txt
INFO - 	[Logic] Optimized nested logic blocks in 02_government_buildings.txt
INFO - 💾 WRITE FILE: common\buildings\02_government_buildings.txt
INFO - Scanning for buildings in: 03_resource_buildings.txt
INFO - 	[Logic] Optimized nested logic blocks in 03_resource_buildings.txt
INFO - 💾 WRITE FILE: common\buildings\03_resource_buildings.txt
INFO - Scanning for buildings in: 04_manufacturing_buildings.txt
INFO - 	[Logic] Optimized nested logic blocks in 04_manufacturing_buildings.txt
INFO - 💾 WRITE FILE: common\buildings\04_manufacturing_buildings.txt
INFO - Scanning for buildings in: 05_research_buildings.txt
INFO - 	[Logic] Optimized nested logic blocks in 05_research_buildings.txt
INFO - 💾 WRITE FILE: common\buildings\05_research_buildings.txt
INFO - Scanning for buildings in: 06_trade_buildings.txt
INFO - 	[Logic] Optimized nested logic blocks in 06_trade_buildings.txt
INFO - 💾 WRITE FILE: common\buildings\06_trade_buildings.txt
INFO - Scanning for buildings in: 07_amenity_buildings.txt
INFO - 	[Logic] Optimized nested logic blocks in 07_amenity_buildings.txt
INFO - 💾 WRITE FILE: common\buildings\07_amenity_buildings.txt
INFO - Scanning for buildings in: 08_unity_buildings.txt
INFO - 	[Logic] Optimized nested logic blocks in 08_unity_buildings.txt
INFO - 💾 WRITE FILE: common\buildings\08_unity_buildings.txt
INFO - Scanning for buildings in: 09_army_buildings.txt
INFO - 	[Logic] Optimized nested logic blocks in 09_army_buildings.txt
INFO - 💾 WRITE FILE: common\buildings\09_army_buildings.txt
INFO - Scanning for buildings in: 10_deposit_buildings.txt
INFO - 	[Logic] Optimized nested logic blocks in 10_deposit_buildings.txt
INFO - 💾 WRITE FILE: common\buildings\10_deposit_buildings.txt
INFO - Scanning for buildings in: 12_event_buildings.txt
INFO - 	[Logic] Optimized nested logic blocks in 12_event_buildings.txt
INFO - 💾 WRITE FILE: common\buildings\12_event_buildings.txt
INFO - Scanning for buildings in: 13_fallen_empire_buildings.txt
INFO - 	[Logic] Optimized nested logic blocks in 13_fallen_empire_buildings.txt
INFO - 💾 WRITE FILE: common\buildings\13_fallen_empire_buildings.txt
INFO - Scanning for buildings in: 14_branch_office_buildings.txt
INFO - 	[Logic] Optimized nested logic blocks in 14_branch_office_buildings.txt
INFO - 💾 WRITE FILE: common\buildings\14_branch_office_buildings.txt
INFO - Scanning for buildings in: 15_overlord_holdings.txt
INFO - 	[Logic] Optimized nested logic blocks in 15_overlord_holdings.txt
INFO - 💾 WRITE FILE: common\buildings\15_overlord_holdings.txt
INFO - Scanning for buildings in: 16_first_contact_buildings.txt
INFO - 	[Logic] Optimized nested logic blocks in 16_first_contact_buildings.txt
INFO - 💾 WRITE FILE: common\buildings\16_first_contact_buildings.txt
INFO - Scanning for buildings in: 17_paragon_buildings.txt
INFO - 	[Logic] Optimized nested logic blocks in 17_paragon_buildings.txt
INFO - 💾 WRITE FILE: common\buildings\17_paragon_buildings.txt
INFO - Scanning for buildings in: 18_astral_planes_buildings.txt
INFO - 	[Logic] Optimized nested logic blocks in 18_astral_planes_buildings.txt
INFO - 💾 WRITE FILE: common\buildings\18_astral_planes_buildings.txt
INFO - Scanning for buildings in: 19_cosmic_storm_buildings.txt
INFO - 	[Logic] Optimized nested logic blocks in 19_cosmic_storm_buildings.txt
INFO - 💾 WRITE FILE: common\buildings\19_cosmic_storm_buildings.txt
INFO - Scanning for buildings in: 20_machine_age_buildings.txt
INFO - 	[Logic] Optimized nested logic blocks in 20_machine_age_buildings.txt
INFO - 💾 WRITE FILE: common\buildings\20_machine_age_buildings.txt
INFO - Scanning for buildings in: 21_grand_archive_buildings.txt
INFO - 	[Logic] Optimized nested logic blocks in 21_grand_archive_buildings.txt
INFO - 💾 WRITE FILE: common\buildings\21_grand_archive_buildings.txt
INFO - Scanning for buildings in: 21_wilderness_buildings.txt
INFO - 	[Logic] Optimized nested logic blocks in 21_wilderness_buildings.txt
INFO - 💾 WRITE FILE: common\buildings\21_wilderness_buildings.txt
INFO - Scanning for buildings in: 22_biogenesis_buildings.txt
INFO - 	[Logic] Optimized nested logic blocks in 22_biogenesis_buildings.txt
INFO - 💾 WRITE FILE: common\buildings\22_biogenesis_buildings.txt
INFO - Scanning for buildings in: 22_extreme_frontiers_buildings.txt
INFO - 	[Logic] Optimized nested logic blocks in 22_extreme_frontiers_buildings.txt
INFO - 💾 WRITE FILE: common\buildings\22_extreme_frontiers_buildings.txt
INFO - Scanning for buildings in: 23_shroud_buildings.txt
INFO - 	[Logic] Optimized nested logic blocks in 23_shroud_buildings.txt
INFO - 💾 WRITE FILE: common\buildings\23_shroud_buildings.txt
INFO - 	[Logic] Optimized nested logic blocks in 00_colony_types.txt
INFO - 💾 WRITE FILE: common\colony_types\00_colony_types.txt
INFO - 	[Logic] Optimized nested logic blocks in 02_special_decisions.txt
INFO - 💾 WRITE FILE: common\decisions\02_special_decisions.txt
INFO - 	[Logic] Optimized nested logic blocks in 01_blocker_deposits.txt
INFO - 💾 WRITE FILE: common\deposits\01_blocker_deposits.txt
INFO - 	[Logic] Optimized nested logic blocks in 02_event_planetary_deposits.txt
INFO - 💾 WRITE FILE: common\deposits\02_event_planetary_deposits.txt
INFO - 	[Logic] Optimized nested logic blocks in ~~~~~~~_00_actions.txt
INFO - 💾 WRITE FILE: common\diplomatic_actions\~~~~~~~_00_actions.txt
INFO - 	[Logic] Optimized nested logic blocks in first_contact_event_sounds.txt
INFO - 💾 WRITE FILE: common\inline_scripts\first_contact_event_sounds.txt
INFO - 	[Logic] Optimized nested logic blocks in 01_dyson_sphere.txt
INFO - 💾 WRITE FILE: common\megastructures\01_dyson_sphere.txt
INFO - 	[Logic] Optimized nested logic blocks in 14_hyper_relay.txt
INFO - 💾 WRITE FILE: common\megastructures\14_hyper_relay.txt
INFO - 	[Logic] Optimized nested logic blocks in 18_dyson_swarm.txt
INFO - 💾 WRITE FILE: common\megastructures\18_dyson_swarm.txt
INFO - 	[Logic] Optimized nested logic blocks in habitats.txt
INFO - 💾 WRITE FILE: common\megastructures\habitats.txt
INFO - 	[Logic] Optimized nested logic blocks in z_cyber_policies_fix.txt
INFO - 💾 WRITE FILE: common\policies\z_cyber_policies_fix.txt
INFO - 	[Logic] Optimized nested logic blocks in 00_manifesti.txt
INFO - 💾 WRITE FILE: common\pop_faction_types\00_manifesti.txt
INFO - 	[Logic] Optimized nested logic blocks in 00_resolutions.txt
INFO - 💾 WRITE FILE: common\resolutions\00_resolutions.txt
INFO - 	[Logic] Optimized nested logic blocks in 01_resolutions_nemesis.txt
INFO - 💾 WRITE FILE: common\resolutions\01_resolutions_nemesis.txt
INFO - 	[Logic] Optimized nested logic blocks in 05_resolutions_shroud.txt
INFO - 💾 WRITE FILE: common\resolutions\05_resolutions_shroud.txt
INFO - 	[Logic] Optimized nested logic blocks in apocalypse_initializers.txt
INFO - 💾 WRITE FILE: common\solar_system_initializers\apocalypse_initializers.txt
INFO - 	[Logic] Optimized nested logic blocks in federations_initializers.txt
INFO - 💾 WRITE FILE: common\solar_system_initializers\federations_initializers.txt
INFO - 	[Logic] Optimized nested logic blocks in first_contact_initializers.txt
INFO - 💾 WRITE FILE: common\solar_system_initializers\first_contact_initializers.txt
INFO - 	[Logic] Optimized nested logic blocks in marauder_initializers.txt
INFO - 💾 WRITE FILE: common\solar_system_initializers\marauder_initializers.txt
INFO - 	[Logic] Optimized nested logic blocks in megacorp_intializers.txt
INFO - 💾 WRITE FILE: common\solar_system_initializers\megacorp_intializers.txt
INFO - 	[Logic] Optimized nested logic blocks in overlord_initializers.txt
INFO - 💾 WRITE FILE: common\solar_system_initializers\overlord_initializers.txt
INFO - 	[Logic] Optimized nested logic blocks in prescripted_species_systems.txt
INFO - 💾 WRITE FILE: common\solar_system_initializers\prescripted_species_systems.txt
INFO - 	[Logic] Optimized nested logic blocks in special_system_initializers.txt
INFO - 💾 WRITE FILE: common\solar_system_initializers\special_system_initializers.txt
INFO - 	[Logic] Optimized nested logic blocks in 00_starbase_types.txt
INFO - 💾 WRITE FILE: common\starbase_types\00_starbase_types.txt
INFO - 	[Logic] Optimized nested logic blocks in 00_grand_archive_tech.txt
INFO - 💾 WRITE FILE: common\technology\00_grand_archive_tech.txt
INFO - 	[Logic] Optimized nested logic blocks in 00_soc_tech.txt
INFO - 💾 WRITE FILE: common\technology\00_soc_tech.txt
INFO - 	[Logic] Optimized nested logic blocks in 00_scientist_traits.txt
INFO - 💾 WRITE FILE: common\traits\00_scientist_traits.txt
INFO - 	[Logic] Optimized nested logic blocks in 00_special_leader_traits.txt
INFO - 💾 WRITE FILE: common\traits\00_special_leader_traits.txt
INFO - 	[Logic] Optimized nested logic blocks in 13_machine_age_traits.txt
INFO - 💾 WRITE FILE: common\traits\13_machine_age_traits.txt
INFO - 	[Logic] Optimized nested logic blocks in 17_shroud_leader_traits.txt
INFO - 💾 WRITE FILE: common\traits\17_shroud_leader_traits.txt
INFO - 	[Logic] Optimized nested logic blocks in !!!!!_!!!!_bbreachh_events.txt
INFO - 💾 WRITE FILE: events\!!!!!_!!!!_bbreachh_events.txt
INFO - 	[Logic] Optimized nested logic blocks in !!!!!_!!!!_released_as_vassal_events.txt
INFO - 💾 WRITE FILE: events\!!!!!_!!!!_released_as_vassal_events.txt
INFO - 	[Logic] Optimized nested logic blocks in !general_active_fix_patch_saves.txt
INFO - 💾 WRITE FILE: events\!general_active_fix_patch_saves.txt
INFO - 	[Logic] Optimized nested logic blocks in advisor_events.txt
INFO - 💾 WRITE FILE: events\advisor_events.txt
INFO - 	[Logic] Optimized nested logic blocks in an4_events.txt
INFO - 💾 WRITE FILE: events\an4_events.txt
INFO - 	[Logic] Optimized nested logic blocks in ancient_relics_archaeotech_events.txt
INFO - 💾 WRITE FILE: events\ancient_relics_archaeotech_events.txt
INFO - 	[Logic] Optimized nested logic blocks in ancient_relics_arcsite_events_1.txt
INFO - 💾 WRITE FILE: events\ancient_relics_arcsite_events_1.txt
INFO - 	[Logic] Optimized nested logic blocks in ancient_relics_arcsite_events_2.txt
INFO - 💾 WRITE FILE: events\ancient_relics_arcsite_events_2.txt
INFO - 	[Logic] Optimized nested logic blocks in ancient_relics_random_site_events.txt
INFO - 💾 WRITE FILE: events\ancient_relics_random_site_events.txt
INFO - 	[Logic] Optimized nested logic blocks in anomaly_events_1.txt
INFO - 💾 WRITE FILE: events\anomaly_events_1.txt
INFO - 	[Logic] Optimized nested logic blocks in anomaly_events_2.txt
INFO - 💾 WRITE FILE: events\anomaly_events_2.txt
INFO - 	[Logic] Optimized nested logic blocks in anomaly_events_3.txt
INFO - 💾 WRITE FILE: events\anomaly_events_3.txt
INFO - 	[Logic] Optimized nested logic blocks in anomaly_events_4.txt
INFO - 💾 WRITE FILE: events\anomaly_events_4.txt
INFO - 	[Logic] Optimized nested logic blocks in apocalypse_events.txt
INFO - 💾 WRITE FILE: events\apocalypse_events.txt
INFO - 	[Logic] Optimized nested logic blocks in assimilation_events.txt
INFO - 💾 WRITE FILE: events\assimilation_events.txt
INFO - 	[Logic] Optimized nested logic blocks in astral_planes_events.txt
INFO - 💾 WRITE FILE: events\astral_planes_events.txt
INFO - 	[Logic] Optimized nested logic blocks in astral_rifts_0_events.txt
INFO - 💾 WRITE FILE: events\astral_rifts_0_events.txt
INFO - 	[Logic] Optimized nested logic blocks in astral_rifts_1_events.txt
INFO - 💾 WRITE FILE: events\astral_rifts_1_events.txt
INFO - 	[Logic] Optimized nested logic blocks in astral_rifts_3_events.txt
INFO - 💾 WRITE FILE: events\astral_rifts_3_events.txt
INFO - 	[Logic] Optimized nested logic blocks in base_fix.txt
INFO - 💾 WRITE FILE: events\base_fix.txt
INFO - 	[Logic] Optimized nested logic blocks in biogenesis_events.txt
INFO - 💾 WRITE FILE: events\biogenesis_events.txt
WARNING - Double line(1204): from = { at events/biogenesis_origin_events.txt
INFO - 	[Logic] Optimized nested logic blocks in biogenesis_origin_events.txt
INFO - 💾 WRITE FILE: events\biogenesis_origin_events.txt
WARNING - Double line(4867): random_owned_pop_group = { kill_single_pop = yes } at events/caravaneer_events.txt
INFO - 	[Logic] Optimized nested logic blocks in caravaneer_events.txt
INFO - 💾 WRITE FILE: events\caravaneer_events.txt
INFO - 	[Logic] Optimized nested logic blocks in ccrebel_fixes.txt
INFO - 💾 WRITE FILE: events\ccrebel_fixes.txt
WARNING - Double line(4188): slushify_world = yes at events/colony_events_1.txt
INFO - 	[Logic] Optimized nested logic blocks in colony_events_1.txt
INFO - 💾 WRITE FILE: events\colony_events_1.txt
INFO - 	[Logic] Optimized nested logic blocks in colony_events_2.txt
INFO - 💾 WRITE FILE: events\colony_events_2.txt
INFO - 	[Logic] Optimized nested logic blocks in colony_events_3.txt
INFO - 💾 WRITE FILE: events\colony_events_3.txt
INFO - 	[Logic] Optimized nested logic blocks in communications_spread.txt
INFO - 💾 WRITE FILE: events\communications_spread.txt
INFO - 	[Logic] Optimized nested logic blocks in cosmic_storms_events_1.txt
INFO - 💾 WRITE FILE: events\cosmic_storms_events_1.txt
INFO - 	[Logic] Optimized nested logic blocks in country_events_1.txt
INFO - 💾 WRITE FILE: events\country_events_1.txt
INFO - 	[Logic] Optimized nested logic blocks in crime_events.txt
INFO - 💾 WRITE FILE: events\crime_events.txt
WARNING - Double line(2065): random_system_planet = { feral_prethoryn_garrison_1 = yes } at events/crisis_events_1.txt
INFO - 	[Logic] Optimized nested logic blocks in crisis_events_1.txt
INFO - 💾 WRITE FILE: events\crisis_events_1.txt
INFO - 	[Logic] Optimized nested logic blocks in crisis_events_2.txt
INFO - 💾 WRITE FILE: events\crisis_events_2.txt
INFO - 	[Logic] Optimized nested logic blocks in crisis_events_3.txt
INFO - 💾 WRITE FILE: events\crisis_events_3.txt
INFO - 	[Logic] Optimized nested logic blocks in cyber_creed_start_fix.txt
INFO - 💾 WRITE FILE: events\cyber_creed_start_fix.txt
INFO - 	[Logic] Optimized nested logic blocks in cyber_machine_age_situation_events_fix.txt
INFO - 💾 WRITE FILE: events\cyber_machine_age_situation_events_fix.txt
INFO - 	[Logic] Optimized nested logic blocks in distant_stars_events_1.txt
INFO - 💾 WRITE FILE: events\distant_stars_events_1.txt
INFO - 	[Logic] Optimized nested logic blocks in distant_stars_events_2.txt
INFO - 💾 WRITE FILE: events\distant_stars_events_2.txt
INFO - 	[Logic] Optimized nested logic blocks in distant_stars_events_3.txt
INFO - 💾 WRITE FILE: events\distant_stars_events_3.txt
INFO - 	[Logic] Optimized nested logic blocks in envoy_events.txt
INFO - 💾 WRITE FILE: events\envoy_events.txt
INFO - 	[Logic] Optimized nested logic blocks in faction_events.txt
INFO - 💾 WRITE FILE: events\faction_events.txt
INFO - 	[Logic] Optimized nested logic blocks in fallen_empire_awakening_events.txt
INFO - 💾 WRITE FILE: events\fallen_empire_awakening_events.txt
INFO - 	[Logic] Optimized nested logic blocks in fallen_empire_events.txt
INFO - 💾 WRITE FILE: events\fallen_empire_events.txt
INFO - 	[Logic] Optimized nested logic blocks in fallen_empire_tasks_events.txt
INFO - 💾 WRITE FILE: events\fallen_empire_tasks_events.txt
INFO - 	[Logic] Optimized nested logic blocks in fallen_machine_empire_events.txt
INFO - 💾 WRITE FILE: events\fallen_machine_empire_events.txt
INFO - 	[Logic] Optimized nested logic blocks in federations_election_events.txt
INFO - 💾 WRITE FILE: events\federations_election_events.txt
INFO - 	[Logic] Optimized nested logic blocks in federations_events_2.txt
INFO - 💾 WRITE FILE: events\federations_events_2.txt
WARNING - Double line(6872): random_owned_pop_group = { kill_single_pop = yes } at events/first_contact_dlc_events.txt
WARNING - Double line(6873): random_owned_pop_group = { kill_single_pop = yes } at events/first_contact_dlc_events.txt
WARNING - Double line(7097): random_owned_pop_group = { kill_single_pop = yes } at events/first_contact_dlc_events.txt
WARNING - Double line(7098): random_owned_pop_group = { kill_single_pop = yes } at events/first_contact_dlc_events.txt
INFO - 	[Logic] Optimized nested logic blocks in first_contact_dlc_events.txt
INFO - 💾 WRITE FILE: events\first_contact_dlc_events.txt
INFO - 	[Logic] Optimized nested logic blocks in first_contact_dlc_situation_events.txt
INFO - 💾 WRITE FILE: events\first_contact_dlc_situation_events.txt
INFO - 	[Logic] Optimized nested logic blocks in first_contact_NPC_country_types_events.txt
INFO - 💾 WRITE FILE: events\first_contact_NPC_country_types_events.txt
INFO - 	[Logic] Optimized nested logic blocks in focus_events_1.txt
INFO - 💾 WRITE FILE: events\focus_events_1.txt
INFO - 	[Logic] Optimized nested logic blocks in galactic_features_events.txt
INFO - 💾 WRITE FILE: events\galactic_features_events.txt
INFO - 	[Logic] Optimized nested logic blocks in game_start.txt
INFO - 💾 WRITE FILE: events\game_start.txt
INFO - 	[Logic] Optimized nested logic blocks in grand_archive_events.txt
INFO - 💾 WRITE FILE: events\grand_archive_events.txt
INFO - 	[Logic] Optimized nested logic blocks in gray_goo_events.txt
INFO - 💾 WRITE FILE: events\gray_goo_events.txt
INFO - 	[Logic] Optimized nested logic blocks in horizonsignal_events.txt
INFO - 💾 WRITE FILE: events\horizonsignal_events.txt
INFO - 	[Logic] Optimized nested logic blocks in infernals_1_events.txt
INFO - 💾 WRITE FILE: events\infernals_1_events.txt
INFO - 	[Logic] Optimized nested logic blocks in infernals_crisis_events.txt
INFO - 💾 WRITE FILE: events\infernals_crisis_events.txt
INFO - 	[Logic] Optimized nested logic blocks in khan_events.txt
INFO - 💾 WRITE FILE: events\khan_events.txt
INFO - 	[Logic] Optimized nested logic blocks in leader_events_1.txt
INFO - 💾 WRITE FILE: events\leader_events_1.txt
INFO - 	[Logic] Optimized nested logic blocks in leader_events_2.txt
INFO - 💾 WRITE FILE: events\leader_events_2.txt
INFO - 	[Logic] Optimized nested logic blocks in leviathans_events_1.txt
INFO - 💾 WRITE FILE: events\leviathans_events_1.txt
INFO - 	[Logic] Optimized nested logic blocks in leviathans_events_2.txt
INFO - 💾 WRITE FILE: events\leviathans_events_2.txt
WARNING - Double line(2334): random_system_planet = { add_deposit = random } at events/machine_age_crisis_events.txt
WARNING - Double line(7590): random_owned_pop_group = { kill_single_pop = yes } at events/machine_age_crisis_events.txt
INFO - 	[Logic] Optimized nested logic blocks in machine_age_crisis_events.txt
INFO - 💾 WRITE FILE: events\machine_age_crisis_events.txt
INFO - 	[Logic] Optimized nested logic blocks in machine_age_events_2.txt
INFO - 💾 WRITE FILE: events\machine_age_events_2.txt
INFO - 	[Logic] Optimized nested logic blocks in marauder_border_events_override.txt
INFO - 💾 WRITE FILE: events\marauder_border_events_override.txt
WARNING - Double line(11531): civic = random at events/marauder_events.txt
WARNING - Double line(11549): civic = random at events/marauder_events.txt
INFO - 	[Logic] Optimized nested logic blocks in marauder_events.txt
INFO - 💾 WRITE FILE: events\marauder_events.txt
INFO - 	[Logic] Optimized nested logic blocks in marauder_events_addition.txt
INFO - 💾 WRITE FILE: events\marauder_events_addition.txt
INFO - 	[Logic] Optimized nested logic blocks in megastructure_events_1.txt
INFO - 💾 WRITE FILE: events\megastructure_events_1.txt
INFO - 	[Logic] Optimized nested logic blocks in necroids_events_1.txt
INFO - 💾 WRITE FILE: events\necroids_events_1.txt
INFO - 	[Logic] Optimized nested logic blocks in nemesis_crisis_endgame.txt
INFO - 💾 WRITE FILE: events\nemesis_crisis_endgame.txt
INFO - 	[Logic] Optimized nested logic blocks in nemesis_crisis_events.txt
INFO - 💾 WRITE FILE: events\nemesis_crisis_events.txt
INFO - 	[Logic] Optimized nested logic blocks in nemesis_espionage_events.txt
INFO - 💾 WRITE FILE: events\nemesis_espionage_events.txt
INFO - 	[Logic] Optimized nested logic blocks in nemesis_operations_events_1.txt
INFO - 💾 WRITE FILE: events\nemesis_operations_events_1.txt
INFO - 	[Logic] Optimized nested logic blocks in nomad_events.txt
INFO - 💾 WRITE FILE: events\nomad_events.txt
INFO - 	[Logic] Optimized nested logic blocks in observation_events.txt
INFO - 💾 WRITE FILE: events\observation_events.txt
INFO - 	[Logic] Optimized nested logic blocks in on_action_events_1.txt
INFO - 💾 WRITE FILE: events\on_action_events_1.txt
INFO - 	[Logic] Optimized nested logic blocks in on_action_events_2.txt
INFO - 💾 WRITE FILE: events\on_action_events_2.txt
INFO - 	[Logic] Optimized nested logic blocks in origin_events_1.txt
INFO - 💾 WRITE FILE: events\origin_events_1.txt
INFO - 	[Logic] Optimized nested logic blocks in origin_events_2.txt
INFO - 💾 WRITE FILE: events\origin_events_2.txt
INFO - 	[Logic] Optimized nested logic blocks in origin_events_3.txt
INFO - 💾 WRITE FILE: events\origin_events_3.txt
INFO - 	[Logic] Optimized nested logic blocks in origin_events_4.txt
INFO - 💾 WRITE FILE: events\origin_events_4.txt
INFO - 	[Logic] Optimized nested logic blocks in origin_events_astral_planes.txt
INFO - 💾 WRITE FILE: events\origin_events_astral_planes.txt
INFO - 	[Logic] Optimized nested logic blocks in origin_events_paragon.txt
INFO - 💾 WRITE FILE: events\origin_events_paragon.txt
INFO - 	[Logic] Optimized nested logic blocks in overlord_enclaves_events.txt
INFO - 💾 WRITE FILE: events\overlord_enclaves_events.txt
INFO - 	[Logic] Optimized nested logic blocks in overlord_specialist_events.txt
INFO - 💾 WRITE FILE: events\overlord_specialist_events.txt
INFO - 	[Logic] Optimized nested logic blocks in paragon_events.txt
INFO - 💾 WRITE FILE: events\paragon_events.txt
INFO - 	[Logic] Optimized nested logic blocks in paragon_events_3.txt
INFO - 💾 WRITE FILE: events\paragon_events_3.txt
INFO - 	[Logic] Optimized nested logic blocks in paragon_events_4.txt
INFO - 💾 WRITE FILE: events\paragon_events_4.txt
INFO - 	[Logic] Optimized nested logic blocks in pirate_events.txt
INFO - 💾 WRITE FILE: events\pirate_events.txt
INFO - 	[Logic] Optimized nested logic blocks in planet_destruction_events.txt
INFO - 💾 WRITE FILE: events\planet_destruction_events.txt
INFO - 	[Logic] Optimized nested logic blocks in precursor_events.txt
INFO - 💾 WRITE FILE: events\precursor_events.txt
INFO - 	[Logic] Optimized nested logic blocks in precursor_events_cosmic_storms.txt
INFO - 💾 WRITE FILE: events\precursor_events_cosmic_storms.txt
INFO - 	[Logic] Optimized nested logic blocks in pre_ftl_awareness_events.txt
INFO - 💾 WRITE FILE: events\pre_ftl_awareness_events.txt
INFO - 	[Logic] Optimized nested logic blocks in progress_events.txt
INFO - 💾 WRITE FILE: events\progress_events.txt
INFO - 	[Logic] Optimized nested logic blocks in refugee_events.txt
INFO - 💾 WRITE FILE: events\refugee_events.txt
WARNING - Double line(3229): random_owned_pop_group = { sacrifice_single_pop = yes } at events/shroud_events.txt
WARNING - Double line(5699): random_owned_planet = { ruin_building = random_no_capital } at events/shroud_events.txt
INFO - 	[Logic] Optimized nested logic blocks in shroud_events.txt
INFO - 💾 WRITE FILE: events\shroud_events.txt
INFO - 	[Logic] Optimized nested logic blocks in shroud_forged_events.txt
INFO - 💾 WRITE FILE: events\shroud_forged_events.txt
INFO - 	[Logic] Optimized nested logic blocks in situation_events.txt
INFO - 💾 WRITE FILE: events\situation_events.txt
INFO - 	[Logic] Optimized nested logic blocks in story_events.txt
INFO - 💾 WRITE FILE: events\story_events.txt
INFO - 	[Logic] Optimized nested logic blocks in strange_worlds_terraforming_events.txt
INFO - 💾 WRITE FILE: events\strange_worlds_terraforming_events.txt
INFO - 	[Logic] Optimized nested logic blocks in synthetic_dawn_events.txt
INFO - 💾 WRITE FILE: events\synthetic_dawn_events.txt
INFO - 	[Logic] Optimized nested logic blocks in tutorial_events.txt
INFO - 💾 WRITE FILE: events\tutorial_events.txt
INFO - 	[Logic] Optimized nested logic blocks in unplugged_events.txt
INFO - 💾 WRITE FILE: events\unplugged_events.txt
INFO - 	[Logic] Optimized nested logic blocks in uplifting_events.txt
INFO - 💾 WRITE FILE: events\uplifting_events.txt
INFO - 	[Logic] Optimized nested logic blocks in utopia_on_action_events.txt
INFO - 💾 WRITE FILE: events\utopia_on_action_events.txt
WARNING - Double line(6696): random_owned_pop_group = { kill_single_pop = yes } at events/utopia_shroud_events.txt
WARNING - Double line(6697): random_owned_pop_group = { kill_single_pop = yes } at events/utopia_shroud_events.txt
INFO - 	[Logic] Optimized nested logic blocks in utopia_shroud_events.txt
INFO - 💾 WRITE FILE: events\utopia_shroud_events.txt
INFO - 	[Logic] Optimized nested logic blocks in war_in_heaven_events.txt
INFO - 💾 WRITE FILE: events\war_in_heaven_events.txt
INFO - ✔ Script completed in 50.668 s
INFO - Main Version = 4.2 (Sub-version = .3)
INFO - ~~Stellaris [v4.2] General Fixes version 4.2.3.11 on 'descriptor.mod' updated to 4.2.3!
INFO - ✔ Done! D:\Gog Games\Settings\Stellaris\Stellaris4.2_fix
